# JRE version: OpenJDK Runtime Environment Microsoft-10800295 (17.0.14+7) (build 17.0.14+7-LTS)
# Java VM: OpenJDK 64-Bit Server VM Microsoft-10800295 (17.0.14+7-LTS, mixed mode, sharing, tiered, compressed oops, compressed class ptrs, g1 gc, windows-amd64)
GC Precious Log:
 CPUs: 12 total, 12 available
 Memory: 7877M
 Large Page Support: Disabled
 NUMA Support: Disabled
 Compressed Oops: Enabled (32-bit)
 Heap Region Size: 1M
 Heap Min Capacity: 8M
 Heap Initial Capacity: 124M
 Heap Max Capacity: 1G
 Pre-touch: Disabled
 Parallel Workers: 10
 Concurrent Workers: 3
 Concurrent Refinement Workers: 10
 Periodic GC: Disabled
Heap:
 garbage-first heap   total 364544K, used 241664K [0x00000000c0000000, 0x0000000100000000)
  region size 1024K, 142 young (145408K), 17 survivors (17408K)
 Metaspace       used 7646K, committed 7872K, reserved 1114112K
  class space    used 896K, committed 1024K, reserved 1048576K
GC Heap History (18 events):
Event: 0.296 GC heap before
{Heap before GC invocations=0 (full 0):
 garbage-first heap   total 126976K, used 31744K [0x00000000c0000000, 0x0000000100000000)
  region size 1024K, 23 young (23552K), 0 survivors (0K)
 Metaspace       used 3636K, committed 3776K, reserved 1114112K
  class space    used 389K, committed 448K, reserved 1048576K
}
Event: 0.303 GC heap after
{Heap after GC invocations=1 (full 0):
 garbage-first heap   total 126976K, used 8952K [0x00000000c0000000, 0x0000000100000000)
  region size 1024K, 3 young (3072K), 3 survivors (3072K)
 Metaspace       used 3636K, committed 3776K, reserved 1114112K
  class space    used 389K, committed 448K, reserved 1048576K
}
Event: 0.501 GC heap before
{Heap before GC invocations=1 (full 0):
 garbage-first heap   total 126976K, used 40696K [0x00000000c0000000, 0x0000000100000000)
  region size 1024K, 29 young (29696K), 3 survivors (3072K)
 Metaspace       used 5745K, committed 5824K, reserved 1114112K
  class space    used 648K, committed 704K, reserved 1048576K
}
Event: 0.510 GC heap after
{Heap after GC invocations=2 (full 0):
 garbage-first heap   total 126976K, used 15360K [0x00000000c0000000, 0x0000000100000000)
  region size 1024K, 4 young (4096K), 4 survivors (4096K)
 Metaspace       used 5745K, committed 5824K, reserved 1114112K
  class space    used 648K, committed 704K, reserved 1048576K
}
Event: 0.641 GC heap before
{Heap before GC invocations=2 (full 0):
 garbage-first heap   total 126976K, used 75776K [0x00000000c0000000, 0x0000000100000000)
  region size 1024K, 63 young (64512K), 4 survivors (4096K)
 Metaspace       used 5759K, committed 5888K, reserved 1114112K
  class space    used 648K, committed 704K, reserved 1048576K
}
Event: 0.652 GC heap after
{Heap after GC invocations=3 (full 0):
 garbage-first heap   total 126976K, used 31147K [0x00000000c0000000, 0x0000000100000000)
  region size 1024K, 8 young (8192K), 8 survivors (8192K)
 Metaspace       used 5759K, committed 5888K, reserved 1114112K
  class space    used 648K, committed 704K, reserved 1048576K
}
Event: 0.738 GC heap before
{Heap before GC invocations=3 (full 0):
 garbage-first heap   total 126976K, used 73131K [0x00000000c0000000, 0x0000000100000000)
  region size 1024K, 49 young (50176K), 8 survivors (8192K)
 Metaspace       used 5762K, committed 5888K, reserved 1114112K
  class space    used 648K, committed 704K, reserved 1048576K
}
Event: 0.747 GC heap after
{Heap after GC invocations=4 (full 0):
 garbage-first heap   total 126976K, used 42496K [0x00000000c0000000, 0x0000000100000000)
  region size 1024K, 7 young (7168K), 7 survivors (7168K)
 Metaspace       used 5762K, committed 5888K, reserved 1114112K
  class space    used 648K, committed 704K, reserved 1048576K
}
Event: 0.800 GC heap before
{Heap before GC invocations=4 (full 0):
 garbage-first heap   total 126976K, used 81408K [0x00000000c0000000, 0x0000000100000000)
  region size 1024K, 45 young (46080K), 7 survivors (7168K)
 Metaspace       used 5763K, committed 5888K, reserved 1114112K
  class space    used 648K, committed 704K, reserved 1048576K
}
Event: 0.806 GC heap after
{Heap after GC invocations=5 (full 0):
 garbage-first heap   total 191488K, used 52736K [0x00000000c0000000, 0x0000000100000000)
  region size 1024K, 6 young (6144K), 6 survivors (6144K)
 Metaspace       used 5763K, committed 5888K, reserved 1114112K
  class space    used 648K, committed 704K, reserved 1048576K
}
Event: 1.026 GC heap before
{Heap before GC invocations=5 (full 0):
 garbage-first heap   total 191488K, used 120320K [0x00000000c0000000, 0x0000000100000000)
  region size 1024K, 71 young (72704K), 6 survivors (6144K)
 Metaspace       used 7304K, committed 7488K, reserved 1114112K
  class space    used 866K, committed 960K, reserved 1048576K
}
Event: 1.038 GC heap after
{Heap after GC invocations=6 (full 0):
 garbage-first heap   total 191488K, used 72192K [0x00000000c0000000, 0x0000000100000000)
  region size 1024K, 9 young (9216K), 9 survivors (9216K)
 Metaspace       used 7304K, committed 7488K, reserved 1114112K
  class space    used 866K, committed 960K, reserved 1048576K
}
Event: 1.179 GC heap before
{Heap before GC invocations=6 (full 0):
 garbage-first heap   total 191488K, used 129536K [0x00000000c0000000, 0x0000000100000000)
  region size 1024K, 66 young (67584K), 9 survivors (9216K)
 Metaspace       used 7582K, committed 7808K, reserved 1114112K
  class space    used 892K, committed 1024K, reserved 1048576K
}
Event: 1.201 GC heap after
{Heap after GC invocations=7 (full 0):
 garbage-first heap   total 191488K, used 89088K [0x00000000c0000000, 0x0000000100000000)
  region size 1024K, 9 young (9216K), 9 survivors (9216K)
 Metaspace       used 7582K, committed 7808K, reserved 1114112K
  class space    used 892K, committed 1024K, reserved 1048576K
}
Event: 1.251 GC heap before
{Heap before GC invocations=7 (full 0):
 garbage-first heap   total 191488K, used 137216K [0x00000000c0000000, 0x0000000100000000)
  region size 1024K, 57 young (58368K), 9 survivors (9216K)
 Metaspace       used 7634K, committed 7872K, reserved 1114112K
  class space    used 896K, committed 1024K, reserved 1048576K
}
Event: 1.272 GC heap after
{Heap after GC invocations=8 (full 0):
 garbage-first heap   total 191488K, used 101376K [0x00000000c0000000, 0x0000000100000000)
  region size 1024K, 8 young (8192K), 8 survivors (8192K)
 Metaspace       used 7634K, committed 7872K, reserved 1114112K
  class space    used 896K, committed 1024K, reserved 1048576K
}
Event: 1.296 GC heap before
{Heap before GC invocations=8 (full 0):
 garbage-first heap   total 191488K, used 128000K [0x00000000c0000000, 0x0000000100000000)
  region size 1024K, 36 young (36864K), 8 survivors (8192K)
 Metaspace       used 7642K, committed 7872K, reserved 1114112K
  class space    used 896K, committed 1024K, reserved 1048576K
}
Event: 1.311 GC heap after
{Heap after GC invocations=9 (full 0):
 garbage-first heap   total 364544K, used 109568K [0x00000000c0000000, 0x0000000100000000)
  region size 1024K, 7 young (7168K), 7 survivors (7168K)
 Metaspace       used 7642K, committed 7872K, reserved 1114112K
  class space    used 896K, committed 1024K, reserved 1048576K
}

